<?xml version="1.0" encoding="UTF-8"?>
<!-- Generated by org.testng.reporters.JUnitReportReporter -->
<testsuite hostname="DESKTOP-TDLTIGH" failures="0" tests="1" name="curs12.SeniumTest" time="7.323" errors="0" timestamp="2023-06-23T03:15:57 HST" skipped="0">
  <testcase classname="curs12.SeniumTest" name="openBrwser" time="7.323"/>
</testsuite> <!-- curs12.SeniumTest -->
