<?xml version="1.0" encoding="UTF-8"?>
<!-- Generated by org.testng.reporters.JUnitReportReporter -->
<testsuite hostname="DESKTOP-TDLTIGH" failures="0" tests="4" name="curs13.TestPriority" time="0.028" errors="0" timestamp="2023-06-23T04:04:56 HST" skipped="0">
  <testcase classname="curs13.TestPriority" name="four" time="0.018"/>
  <testcase classname="curs13.TestPriority" name="one" time="0.005"/>
  <testcase classname="curs13.TestPriority" name="two" time="0.002"/>
  <testcase classname="curs13.TestPriority" name="three" time="0.003"/>
</testsuite> <!-- curs13.TestPriority -->
