<?xml version="1.0" encoding="UTF-8"?>
<!-- Generated by org.testng.reporters.JUnitReportReporter -->
<testsuite hostname="DESKTOP-TDLTIGH" failures="0" tests="3" name="curs13.TestAnnotation" time="0.034" errors="0" timestamp="2023-06-23T03:36:23 HST" skipped="0">
  <testcase classname="curs13.TestAnnotation" name="test3" time="0.009"/>
  <testcase classname="curs13.TestAnnotation" name="test2" time="0.005"/>
  <testcase classname="curs13.TestAnnotation" name="test1" time="0.020"/>
</testsuite> <!-- curs13.TestAnnotation -->
